

============================== 2023-04-17 16:10:23.519206 | f7ffef22-2384-4ff0-a343-7c6dcc98d66c ==============================
[0m16:10:23.519206 [info ] [MainThread]: Running with dbt=1.4.5
[0m16:10:23.522096 [debug] [MainThread]: running dbt with arguments {'write_json': True, 'use_colors': True, 'printer_width': 80, 'version_check': True, 'partial_parse': True, 'static_parser': True, 'profiles_dir': 'C:\\Users\\ralon\\.dbt', 'send_anonymous_usage_stats': True, 'quiet': False, 'no_print': False, 'cache_selected_only': False, 'project_name': 'SteamReviews', 'skip_profile_setup': False, 'which': 'init', 'indirect_selection': 'eager'}
[0m16:10:23.523095 [debug] [MainThread]: Tracking: tracking
[0m16:10:23.546614 [debug] [MainThread]: Sending event: {'category': 'dbt', 'action': 'invocation', 'label': 'start', 'context': [<snowplow_tracker.self_describing_json.SelfDescribingJson object at 0x0000027077F7EAD0>, <snowplow_tracker.self_describing_json.SelfDescribingJson object at 0x0000027077F7EB10>, <snowplow_tracker.self_describing_json.SelfDescribingJson object at 0x0000027077F7FB90>]}
[0m16:10:23.547596 [info ] [MainThread]: Creating dbt configuration folder at C:\Users\ralon\.dbt
[0m16:10:23.552177 [debug] [MainThread]: Starter project path: C:\Users\ralon\AppData\Local\Programs\Python\Python311\Lib\site-packages\dbt\include\starter_project
[0m16:10:36.423208 [info ] [MainThread]: Profile SteamReviews written to C:\Users\ralon\.dbt\profiles.yml using target's sample configuration. Once updated, you'll be able to start developing with dbt.
[0m16:10:36.424206 [info ] [MainThread]: 
Your new dbt project "SteamReviews" was created!

For more information on how to configure the profiles.yml file,
please consult the dbt documentation here:

  https://docs.getdbt.com/docs/configure-your-profile

One more thing:

Need help? Don't hesitate to reach out to us via GitHub issues or on Slack:

  https://community.getdbt.com/

Happy modeling!

[0m16:10:36.426216 [debug] [MainThread]: Sending event: {'category': 'dbt', 'action': 'invocation', 'label': 'end', 'context': [<snowplow_tracker.self_describing_json.SelfDescribingJson object at 0x0000027077CDB150>, <snowplow_tracker.self_describing_json.SelfDescribingJson object at 0x00000270784C7F10>, <snowplow_tracker.self_describing_json.SelfDescribingJson object at 0x0000027077D45450>]}
[0m16:10:36.427214 [debug] [MainThread]: Flushing usage events


============================== 2023-04-17 16:44:51.550752 | 6040caad-13b3-4c59-9aa8-b7d3299228a4 ==============================
[0m16:44:51.550752 [info ] [MainThread]: Running with dbt=1.4.5
[0m16:44:51.558782 [debug] [MainThread]: running dbt with arguments {'write_json': True, 'use_colors': True, 'printer_width': 80, 'version_check': True, 'partial_parse': True, 'static_parser': True, 'profiles_dir': 'C:\\Users\\ralon\\.dbt', 'send_anonymous_usage_stats': True, 'quiet': False, 'no_print': False, 'cache_selected_only': False, 'config_dir': False, 'which': 'debug', 'indirect_selection': 'eager'}
[0m16:44:51.559754 [debug] [MainThread]: Tracking: tracking
[0m16:44:51.589592 [debug] [MainThread]: Sending event: {'category': 'dbt', 'action': 'invocation', 'label': 'start', 'context': [<snowplow_tracker.self_describing_json.SelfDescribingJson object at 0x000001B151C5C490>, <snowplow_tracker.self_describing_json.SelfDescribingJson object at 0x000001B1519B8E90>, <snowplow_tracker.self_describing_json.SelfDescribingJson object at 0x000001B14F0A0F50>]}
[0m16:44:51.680600 [debug] [MainThread]: Executing "git --help"
[0m16:44:51.771652 [debug] [MainThread]: STDOUT: "b"usage: git [-v | --version] [-h | --help] [-C <path>] [-c <name>=<value>]\n           [--exec-path[=<path>]] [--html-path] [--man-path] [--info-path]\n           [-p | --paginate | -P | --no-pager] [--no-replace-objects] [--bare]\n           [--git-dir=<path>] [--work-tree=<path>] [--namespace=<name>]\n           [--config-env=<name>=<envvar>] <command> [<args>]\n\nThese are common Git commands used in various situations:\n\nstart a working area (see also: git help tutorial)\n   clone     Clone a repository into a new directory\n   init      Create an empty Git repository or reinitialize an existing one\n\nwork on the current change (see also: git help everyday)\n   add       Add file contents to the index\n   mv        Move or rename a file, a directory, or a symlink\n   restore   Restore working tree files\n   rm        Remove files from the working tree and from the index\n\nexamine the history and state (see also: git help revisions)\n   bisect    Use binary search to find the commit that introduced a bug\n   diff      Show changes between commits, commit and working tree, etc\n   grep      Print lines matching a pattern\n   log       Show commit logs\n   show      Show various types of objects\n   status    Show the working tree status\n\ngrow, mark and tweak your common history\n   branch    List, create, or delete branches\n   commit    Record changes to the repository\n   merge     Join two or more development histories together\n   rebase    Reapply commits on top of another base tip\n   reset     Reset current HEAD to the specified state\n   switch    Switch branches\n   tag       Create, list, delete or verify a tag object signed with GPG\n\ncollaborate (see also: git help workflows)\n   fetch     Download objects and refs from another repository\n   pull      Fetch from and integrate with another repository or a local branch\n   push      Update remote refs along with associated objects\n\n'git help -a' and 'git help -g' list available subcommands and some\nconcept guides. See 'git help <command>' or 'git help <concept>'\nto read about a specific subcommand or concept.\nSee 'git help git' for an overview of the system.\n""
[0m16:44:51.772652 [debug] [MainThread]: STDERR: "b''"
[0m16:44:51.775656 [debug] [MainThread]: Sending event: {'category': 'dbt', 'action': 'invocation', 'label': 'end', 'context': [<snowplow_tracker.self_describing_json.SelfDescribingJson object at 0x000001B151D33AD0>, <snowplow_tracker.self_describing_json.SelfDescribingJson object at 0x000001B152132E50>, <snowplow_tracker.self_describing_json.SelfDescribingJson object at 0x000001B15197C250>]}
[0m16:44:51.776653 [debug] [MainThread]: Flushing usage events
